{"/Users/quim/Projects/opensource/array-to-object/test.js":{"path":"/Users/quim/Projects/opensource/array-to-object/test.js","s":{"1":1,"2":1,"3":1,"4":1,"5":1,"6":1,"7":1,"8":1,"9":1,"10":1,"11":1,"12":1,"13":1,"14":1,"15":1,"16":1,"17":1,"18":1,"19":1,"20":1,"21":1},"b":{},"f":{"1":1,"2":1,"3":1},"fnMap":{"1":{"name":"(anonymous_1)","line":8,"loc":{"start":{"line":8,"column":52},"end":{"line":8,"column":70}}},"2":{"name":"(anonymous_2)","line":19,"loc":{"start":{"line":19,"column":0},"end":{"line":19,"column":18}}},"3":{"name":"(anonymous_3)","line":29,"loc":{"start":{"line":29,"column":0},"end":{"line":29,"column":18}}}},"statementMap":{"1":{"start":{"line":3,"column":0},"end":{"line":3,"column":31}},"2":{"start":{"line":4,"column":0},"end":{"line":4,"column":39}},"3":{"start":{"line":6,"column":0},"end":{"line":6,"column":28}},"4":{"start":{"line":8,"column":0},"end":{"line":15,"column":2}},"5":{"start":{"line":9,"column":2},"end":{"line":9,"column":47}},"6":{"start":{"line":10,"column":2},"end":{"line":10,"column":53}},"7":{"start":{"line":11,"column":2},"end":{"line":11,"column":38}},"8":{"start":{"line":13,"column":2},"end":{"line":13,"column":75}},"9":{"start":{"line":14,"column":2},"end":{"line":14,"column":14}},"10":{"start":{"line":17,"column":0},"end":{"line":26,"column":2}},"11":{"start":{"line":20,"column":2},"end":{"line":20,"column":47}},"12":{"start":{"line":21,"column":2},"end":{"line":21,"column":28}},"13":{"start":{"line":22,"column":2},"end":{"line":22,"column":38}},"14":{"start":{"line":24,"column":2},"end":{"line":24,"column":75}},"15":{"start":{"line":25,"column":2},"end":{"line":25,"column":14}},"16":{"start":{"line":28,"column":0},"end":{"line":36,"column":2}},"17":{"start":{"line":30,"column":2},"end":{"line":30,"column":47}},"18":{"start":{"line":31,"column":2},"end":{"line":31,"column":20}},"19":{"start":{"line":33,"column":2},"end":{"line":33,"column":37}},"20":{"start":{"line":34,"column":2},"end":{"line":34,"column":67}},"21":{"start":{"line":35,"column":2},"end":{"line":35,"column":14}}},"branchMap":{}},"/Users/quim/Projects/opensource/array-to-object/index.js":{"path":"/Users/quim/Projects/opensource/array-to-object/index.js","s":{"1":1,"2":1,"3":3,"4":1,"5":2,"6":2,"7":8,"8":1,"9":7,"10":2},"b":{"1":[1,2],"2":[3,3],"3":[1,7]},"f":{"1":3,"2":8},"fnMap":{"1":{"name":"arrToObj","line":4,"loc":{"start":{"line":4,"column":0},"end":{"line":4,"column":34}}},"2":{"name":"(anonymous_2)","line":11,"loc":{"start":{"line":11,"column":16},"end":{"line":11,"column":31}}}},"statementMap":{"1":{"start":{"line":2,"column":0},"end":{"line":2,"column":25}},"2":{"start":{"line":4,"column":0},"end":{"line":19,"column":1}},"3":{"start":{"line":5,"column":2},"end":{"line":7,"column":3}},"4":{"start":{"line":6,"column":4},"end":{"line":6,"column":10}},"5":{"start":{"line":9,"column":2},"end":{"line":9,"column":14}},"6":{"start":{"line":11,"column":2},"end":{"line":16,"column":4}},"7":{"start":{"line":12,"column":4},"end":{"line":14,"column":5}},"8":{"start":{"line":13,"column":6},"end":{"line":13,"column":12}},"9":{"start":{"line":15,"column":4},"end":{"line":15,"column":29}},"10":{"start":{"line":18,"column":2},"end":{"line":18,"column":12}}},"branchMap":{"1":{"line":5,"type":"if","locations":[{"start":{"line":5,"column":2},"end":{"line":5,"column":2}},{"start":{"line":5,"column":2},"end":{"line":5,"column":2}}]},"2":{"line":5,"type":"binary-expr","locations":[{"start":{"line":5,"column":6},"end":{"line":5,"column":27}},{"start":{"line":5,"column":31},"end":{"line":5,"column":53}}]},"3":{"line":12,"type":"if","locations":[{"start":{"line":12,"column":4},"end":{"line":12,"column":4}},{"start":{"line":12,"column":4},"end":{"line":12,"column":4}}]}}}}