TN:
SF:/Users/quim/Projects/opensource/array-to-object/test.js
FN:8,(anonymous_1)
FN:19,(anonymous_2)
FN:29,(anonymous_3)
FNF:3
FNH:3
FNDA:1,(anonymous_1)
FNDA:1,(anonymous_2)
FNDA:1,(anonymous_3)
DA:3,1
DA:4,1
DA:6,1
DA:8,1
DA:9,1
DA:10,1
DA:11,1
DA:13,1
DA:14,1
DA:17,1
DA:20,1
DA:21,1
DA:22,1
DA:24,1
DA:25,1
DA:28,1
DA:30,1
DA:31,1
DA:33,1
DA:34,1
DA:35,1
LF:21
LH:21
BRF:0
BRH:0
end_of_record
TN:
SF:/Users/quim/Projects/opensource/array-to-object/index.js
FN:4,arrToObj
FN:11,(anonymous_2)
FNF:2
FNH:2
FNDA:3,arrToObj
FNDA:8,(anonymous_2)
DA:2,1
DA:4,1
DA:5,3
DA:6,1
DA:9,2
DA:11,2
DA:12,8
DA:13,1
DA:15,7
DA:18,2
LF:10
LH:10
BRDA:5,1,0,1
BRDA:5,1,1,2
BRDA:5,2,0,3
BRDA:5,2,1,3
BRDA:12,3,0,1
BRDA:12,3,1,7
BRF:6
BRH:6
end_of_record
